<?xml version="1.0" encoding="UTF-8"?>
<testsuite xmlns:xsi="http://www.w3.org/2001/XMLSchema-instance" xsi:noNamespaceSchemaLocation="https://maven.apache.org/surefire/maven-surefire-plugin/xsd/surefire-test-report.xsd" name="nz.ac.auckland.se281.a4.TestsForMarking" time="7.1" tests="53" errors="0" skipped="0" failures="0">
  <properties>
    <property name="java.specification.version" value="17"/>
    <property name="sun.cpu.isalist" value="amd64"/>
    <property name="sun.jnu.encoding" value="GBK"/>
    <property name="java.class.path" value="C:\Users\james\A4\assignment-4-HaoxuanGong\target\test-classes;C:\Users\james\A4\assignment-4-HaoxuanGong\target\classes;C:\Users\james\.m2\repository\junit\junit\4.12\junit-4.12.jar;C:\Users\james\.m2\repository\org\hamcrest\hamcrest-core\1.3\hamcrest-core-1.3.jar;C:\Users\james\.m2\repository\com\google\code\gson\gson\2.9.0\gson-2.9.0.jar;C:\Users\james\.m2\repository\com\github\javafaker\javafaker\0.12\javafaker-0.12.jar;C:\Users\james\.m2\repository\org\apache\commons\commons-lang3\3.5\commons-lang3-3.5.jar;C:\Users\james\.m2\repository\com\github\mifmif\generex\1.0.2\generex-1.0.2.jar;C:\Users\james\.m2\repository\dk\brics\automaton\automaton\1.11-8\automaton-1.11-8.jar;C:\Users\james\.m2\repository\se\emirbuc\randomsentence\random-sentence-generator\0.0.7\random-sentence-generator-0.0.7.jar;C:\Users\james\.m2\repository\org\apache\commons\commons-collections4\4.0\commons-collections4-4.0.jar;"/>
    <property name="java.vm.vendor" value="Oracle Corporation"/>
    <property name="sun.arch.data.model" value="64"/>
    <property name="user.variant" value=""/>
    <property name="java.vendor.url" value="https://java.oracle.com/"/>
    <property name="user.timezone" value="Pacific/Auckland"/>
    <property name="os.name" value="Windows 11"/>
    <property name="java.vm.specification.version" value="17"/>
    <property name="sun.java.launcher" value="SUN_STANDARD"/>
    <property name="user.country" value="US"/>
    <property name="sun.boot.library.path" value="C:\Program Files\Java\jdk-17.0.2\bin"/>
    <property name="sun.java.command" value="C:\Users\james\AppData\Local\Temp\surefire12319953727129781551\surefirebooter5030696090135295778.jar C:\Users\james\AppData\Local\Temp\surefire12319953727129781551 2022-05-24T23-27-01_856-jvmRun1 surefire13505562462237652067tmp surefire_03056993315053687210tmp"/>
    <property name="jdk.debug" value="release"/>
    <property name="surefire.test.class.path" value="C:\Users\james\A4\assignment-4-HaoxuanGong\target\test-classes;C:\Users\james\A4\assignment-4-HaoxuanGong\target\classes;C:\Users\james\.m2\repository\junit\junit\4.12\junit-4.12.jar;C:\Users\james\.m2\repository\org\hamcrest\hamcrest-core\1.3\hamcrest-core-1.3.jar;C:\Users\james\.m2\repository\com\google\code\gson\gson\2.9.0\gson-2.9.0.jar;C:\Users\james\.m2\repository\com\github\javafaker\javafaker\0.12\javafaker-0.12.jar;C:\Users\james\.m2\repository\org\apache\commons\commons-lang3\3.5\commons-lang3-3.5.jar;C:\Users\james\.m2\repository\com\github\mifmif\generex\1.0.2\generex-1.0.2.jar;C:\Users\james\.m2\repository\dk\brics\automaton\automaton\1.11-8\automaton-1.11-8.jar;C:\Users\james\.m2\repository\se\emirbuc\randomsentence\random-sentence-generator\0.0.7\random-sentence-generator-0.0.7.jar;C:\Users\james\.m2\repository\org\apache\commons\commons-collections4\4.0\commons-collections4-4.0.jar;"/>
    <property name="sun.cpu.endian" value="little"/>
    <property name="user.home" value="C:\Users\james"/>
    <property name="user.language" value="en"/>
    <property name="java.specification.vendor" value="Oracle Corporation"/>
    <property name="java.version.date" value="2022-01-18"/>
    <property name="java.home" value="C:\Program Files\Java\jdk-17.0.2"/>
    <property name="file.separator" value="\"/>
    <property name="basedir" value="C:\Users\james\A4\assignment-4-HaoxuanGong"/>
    <property name="java.vm.compressedOopsMode" value="Zero based"/>
    <property name="line.separator" value="&#10;"/>
    <property name="java.vm.specification.vendor" value="Oracle Corporation"/>
    <property name="java.specification.name" value="Java Platform API Specification"/>
    <property name="surefire.real.class.path" value="C:\Users\james\AppData\Local\Temp\surefire12319953727129781551\surefirebooter5030696090135295778.jar"/>
    <property name="user.script" value=""/>
    <property name="sun.management.compiler" value="HotSpot 64-Bit Tiered Compilers"/>
    <property name="java.runtime.version" value="17.0.2+8-LTS-86"/>
    <property name="user.name" value="james"/>
    <property name="path.separator" value=";"/>
    <property name="os.version" value="10.0"/>
    <property name="java.runtime.name" value="Java(TM) SE Runtime Environment"/>
    <property name="file.encoding" value="GBK"/>
    <property name="java.vm.name" value="Java HotSpot(TM) 64-Bit Server VM"/>
    <property name="localRepository" value="C:\Users\james\.m2\repository"/>
    <property name="java.vendor.url.bug" value="https://bugreport.java.com/bugreport/"/>
    <property name="java.io.tmpdir" value="C:\Users\james\AppData\Local\Temp\"/>
    <property name="java.version" value="17.0.2"/>
    <property name="user.dir" value="C:\Users\james\A4\assignment-4-HaoxuanGong"/>
    <property name="os.arch" value="amd64"/>
    <property name="java.vm.specification.name" value="Java Virtual Machine Specification"/>
    <property name="sun.os.patch.level" value=""/>
    <property name="native.encoding" value="GBK"/>
    <property name="java.library.path" value="C:\Program Files\Java\jdk-17.0.2\bin;C:\WINDOWS\Sun\Java\bin;C:\WINDOWS\system32;C:\WINDOWS;C:\Program Files\Java\jdk-17.0.2\bin;C:\Program Files\Common Files\Oracle\Java\javapath;C:\WINDOWS\system32;C:\WINDOWS;C:\WINDOWS\System32\Wbem;C:\WINDOWS\System32\WindowsPowerShell\v1.0\;C:\WINDOWS\System32\OpenSSH\;C:\Program Files\Microsoft SQL Server\120\Tools\Binn\;C:\Program Files\Common Files\Autodesk Shared\;C:\Program Files\MATLAB\R2021a\bin;C:\Program Files\Git\cmd;C:\Program Files\MATLAB\R2022a\bin;C:\Program Files\dotnet\;C:\Users\james\AppData\Local\Microsoft\WindowsApps;;."/>
    <property name="java.vm.info" value="mixed mode, sharing"/>
    <property name="java.vendor" value="Oracle Corporation"/>
    <property name="java.vm.version" value="17.0.2+8-LTS-86"/>
    <property name="sun.io.unicode.encoding" value="UnicodeLittle"/>
    <property name="java.class.version" value="61.0"/>
  </properties>
  <testcase name="T1_01_Stack_Is_Empty" classname="nz.ac.auckland.se281.a4.TestsForMarking$Task1NodeStackAndQueueTest" time="0"/>
  <testcase name="T1_02_Stack_Is_Not_Empty" classname="nz.ac.auckland.se281.a4.TestsForMarking$Task1NodeStackAndQueueTest" time="0"/>
  <testcase name="T1_03_Stack_Push" classname="nz.ac.auckland.se281.a4.TestsForMarking$Task1NodeStackAndQueueTest" time="0.027"/>
  <testcase name="T1_04_Stack_Pop" classname="nz.ac.auckland.se281.a4.TestsForMarking$Task1NodeStackAndQueueTest" time="0.063"/>
  <testcase name="T1_05_Queue_Is_Empty" classname="nz.ac.auckland.se281.a4.TestsForMarking$Task1NodeStackAndQueueTest" time="0"/>
  <testcase name="T1_05_Queue_Is_Not_Empty" classname="nz.ac.auckland.se281.a4.TestsForMarking$Task1NodeStackAndQueueTest" time="0.017"/>
  <testcase name="T1_07_Queue_Append" classname="nz.ac.auckland.se281.a4.TestsForMarking$Task1NodeStackAndQueueTest" time="0.031"/>
  <testcase name="T1_08_Is_Empty" classname="nz.ac.auckland.se281.a4.TestsForMarking$Task1NodeStackAndQueueGenericsTest" time="0"/>
  <testcase name="T1_09_Is_Not_Empty" classname="nz.ac.auckland.se281.a4.TestsForMarking$Task1NodeStackAndQueueGenericsTest" time="0"/>
  <testcase name="T1_10_Push" classname="nz.ac.auckland.se281.a4.TestsForMarking$Task1NodeStackAndQueueGenericsTest" time="0"/>
  <testcase name="T1_11_Pop" classname="nz.ac.auckland.se281.a4.TestsForMarking$Task1NodeStackAndQueueGenericsTest" time="0"/>
  <testcase name="T1_12_Is_Empty" classname="nz.ac.auckland.se281.a4.TestsForMarking$Task1NodeStackAndQueueGenericsTest" time="0"/>
  <testcase name="T1_13_Is_Not_Empty" classname="nz.ac.auckland.se281.a4.TestsForMarking$Task1NodeStackAndQueueGenericsTest" time="0"/>
  <testcase name="T1_14_Append" classname="nz.ac.auckland.se281.a4.TestsForMarking$Task1NodeStackAndQueueGenericsTest" time="0"/>
  <testcase name="T1_15_Pop_Empty_Stack" classname="nz.ac.auckland.se281.a4.TestsForMarking$Task1NodeStackAndQueueExceptionTest" time="0"/>
  <testcase name="T1_16_Peek_Empty_Stack" classname="nz.ac.auckland.se281.a4.TestsForMarking$Task1NodeStackAndQueueExceptionTest" time="0"/>
  <testcase name="T1_17_Append_Then_Pop_Empty_Stack" classname="nz.ac.auckland.se281.a4.TestsForMarking$Task1NodeStackAndQueueExceptionTest" time="0"/>
  <testcase name="T2_01_Is_Empty" classname="nz.ac.auckland.se281.a4.TestsForMarking$Task2LinkedListTest" time="0"/>
  <testcase name="T2_02_Is_Not_Empty" classname="nz.ac.auckland.se281.a4.TestsForMarking$Task2LinkedListTest" time="0.03"/>
  <testcase name="T2_03_Append" classname="nz.ac.auckland.se281.a4.TestsForMarking$Task2LinkedListTest" time="0.061"/>
  <testcase name="T2_04_Get" classname="nz.ac.auckland.se281.a4.TestsForMarking$Task2LinkedListTest" time="0.623"/>
  <testcase name="T2_06_Size" classname="nz.ac.auckland.se281.a4.TestsForMarking$Task2LinkedListTest" time="0.321"/>
  <testcase name="T2_07_Remove" classname="nz.ac.auckland.se281.a4.TestsForMarking$Task2LinkedListTest" time="0.327"/>
  <testcase name="T2_09_Is_Empty" classname="nz.ac.auckland.se281.a4.TestsForMarking$Task2LinkedListGenericsTest" time="0.001"/>
  <testcase name="T2_10_Is_Not_Empty" classname="nz.ac.auckland.se281.a4.TestsForMarking$Task2LinkedListGenericsTest" time="0"/>
  <testcase name="T2_11_Append" classname="nz.ac.auckland.se281.a4.TestsForMarking$Task2LinkedListGenericsTest" time="0"/>
  <testcase name="T2_12_Get" classname="nz.ac.auckland.se281.a4.TestsForMarking$Task2LinkedListGenericsTest" time="0"/>
  <testcase name="T2_15_Remove" classname="nz.ac.auckland.se281.a4.TestsForMarking$Task2LinkedListGenericsTest" time="0"/>
  <testcase name="T2_16_Insert" classname="nz.ac.auckland.se281.a4.TestsForMarking$Task2LinkedListGenericsTest" time="0"/>
  <testcase name="T3_01_Reflexive_A" classname="nz.ac.auckland.se281.a4.TestsForMarking$Task3ReflexiveTest" time="0.231"/>
  <testcase name="T3_03_Reflexive_C" classname="nz.ac.auckland.se281.a4.TestsForMarking$Task3ReflexiveTest" time="0.156"/>
  <testcase name="T3_06_Reflexive_F" classname="nz.ac.auckland.se281.a4.TestsForMarking$Task3ReflexiveTest" time="0.283"/>
  <testcase name="T3_09_Symmetric_A" classname="nz.ac.auckland.se281.a4.TestsForMarking$Task3SymmetricTest" time="0.218"/>
  <testcase name="T3_11_Symmetric_C" classname="nz.ac.auckland.se281.a4.TestsForMarking$Task3SymmetricTest" time="0.156"/>
  <testcase name="T3_14_Symmetric_F" classname="nz.ac.auckland.se281.a4.TestsForMarking$Task3SymmetricTest" time="0.292"/>
  <testcase name="T3_16_Transitive_A" classname="nz.ac.auckland.se281.a4.TestsForMarking$Task3TransitiveTest" time="0.24"/>
  <testcase name="T3_17_Transitive_C" classname="nz.ac.auckland.se281.a4.TestsForMarking$Task3TransitiveTest" time="0.156"/>
  <testcase name="T3_20_Transitive_F" classname="nz.ac.auckland.se281.a4.TestsForMarking$Task3TransitiveTest" time="0.296"/>
  <testcase name="T3_22_A" classname="nz.ac.auckland.se281.a4.TestsForMarking$Tast3EquivalenceTest" time="0.234"/>
  <testcase name="T3_24_C" classname="nz.ac.auckland.se281.a4.TestsForMarking$Tast3EquivalenceTest" time="0.158"/>
  <testcase name="T3_27_F" classname="nz.ac.auckland.se281.a4.TestsForMarking$Tast3EquivalenceTest" time="0.283"/>
  <testcase name="T3_30_A" classname="nz.ac.auckland.se281.a4.TestsForMarking$Task3EquivalenceClassTest" time="0.476"/>
  <testcase name="T3_32_C" classname="nz.ac.auckland.se281.a4.TestsForMarking$Task3EquivalenceClassTest" time="0.494"/>
  <testcase name="T3_35_F" classname="nz.ac.auckland.se281.a4.TestsForMarking$Task3EquivalenceClassTest" time="0.588"/>
  <testcase name="T3_45_A" classname="nz.ac.auckland.se281.a4.TestsForMarking$Task3BFSTest" time="0.006"/>
  <testcase name="T3_47_C" classname="nz.ac.auckland.se281.a4.TestsForMarking$Task3BFSTest" time="0.007"/>
  <testcase name="T3_50_F" classname="nz.ac.auckland.se281.a4.TestsForMarking$Task3BFSTest" time="0.004"/>
  <testcase name="T3_52_A" classname="nz.ac.auckland.se281.a4.TestsForMarking$Task3DFSTest" time="0.011"/>
  <testcase name="T3_54_C" classname="nz.ac.auckland.se281.a4.TestsForMarking$Task3DFSTest" time="0.007"/>
  <testcase name="T3_57_F" classname="nz.ac.auckland.se281.a4.TestsForMarking$Task3DFSTest" time="0.009"/>
  <testcase name="T4_01_A" classname="nz.ac.auckland.se281.a4.TestsForMarking$Task4SearchTweetTest" time="0.223"/>
  <testcase name="T4_03_C" classname="nz.ac.auckland.se281.a4.TestsForMarking$Task4SearchTweetTest" time="0.181"/>
  <testcase name="T4_06_F" classname="nz.ac.auckland.se281.a4.TestsForMarking$Task4SearchTweetTest" time="0.309"/>
</testsuite>